Mar 20 21:33:05 Updated: glibc-2.17-157.169.amzn1.x86_64
Mar 20 21:33:09 Updated: glibc-common-2.17-157.169.amzn1.x86_64
Mar 20 21:33:09 Updated: krb5-libs-1.14.1-27.41.amzn1.x86_64
Mar 20 21:33:09 Updated: 1:openssl-1.0.1k-15.99.amzn1.x86_64
Mar 20 21:33:09 Updated: openldap-2.4.40-12.30.amzn1.x86_64
Mar 20 21:33:09 Updated: system-release-2016.09-0.9.noarch
Mar 20 21:33:10 Installed: kernel-4.4.51-40.58.amzn1.x86_64
Mar 20 21:33:40 Installed: oniguruma-5.9.1-3.1.2.amzn1.x86_64
Mar 20 21:33:40 Installed: libtirpc-0.2.4-0.3.13.amzn1.x86_64
Mar 20 21:33:40 Installed: libevent-2.0.21-4.19.amzn1.x86_64
Mar 20 21:33:40 Installed: jq-libs-1.5-1.2.amzn1.x86_64
Mar 20 21:33:40 Installed: 1:perl-parent-0.225-244.5.amzn1.noarch
Mar 20 21:33:40 Installed: perl-HTTP-Tiny-0.033-3.6.amzn1.noarch
Mar 20 21:33:41 Installed: perl-podlators-2.5.1-3.8.amzn1.noarch
Mar 20 21:33:41 Installed: perl-Pod-Perldoc-3.20-4.7.amzn1.noarch
Mar 20 21:33:41 Installed: perl-Text-ParseWords-3.29-4.5.amzn1.noarch
Mar 20 21:33:41 Installed: 1:perl-Pod-Escapes-1.04-286.38.amzn1.noarch
Mar 20 21:33:41 Installed: perl-Encode-2.51-7.5.amzn1.x86_64
Mar 20 21:33:41 Installed: perl-Pod-Usage-1.63-3.5.amzn1.noarch
Mar 20 21:33:41 Installed: 4:perl-libs-5.16.3-286.38.amzn1.x86_64
Mar 20 21:33:41 Installed: perl-Scalar-List-Utils-1.27-248.5.amzn1.x86_64
Mar 20 21:33:41 Installed: perl-Filter-1.49-3.5.amzn1.x86_64
Mar 20 21:33:41 Installed: perl-threads-1.87-4.5.amzn1.x86_64
Mar 20 21:33:41 Installed: perl-constant-1.27-2.5.amzn1.noarch
Mar 20 21:33:41 Installed: perl-Carp-1.26-244.5.amzn1.noarch
Mar 20 21:33:41 Installed: perl-Time-Local-1.2300-2.5.amzn1.noarch
Mar 20 21:33:41 Installed: 4:perl-Time-HiRes-1.9725-272.5.amzn1.x86_64
Mar 20 21:33:41 Installed: perl-Storable-2.45-3.5.amzn1.x86_64
Mar 20 21:33:41 Installed: perl-Exporter-5.68-3.5.amzn1.noarch
Mar 20 21:33:41 Installed: perl-File-Path-2.09-2.5.amzn1.noarch
Mar 20 21:33:41 Installed: perl-File-Temp-0.23.01-3.5.amzn1.noarch
Mar 20 21:33:41 Installed: perl-PathTools-3.40-5.5.amzn1.x86_64
Mar 20 21:33:41 Installed: perl-Socket-2.010-3.5.amzn1.x86_64
Mar 20 21:33:41 Installed: 1:perl-Pod-Simple-3.28-4.6.amzn1.noarch
Mar 20 21:33:41 Installed: perl-Getopt-Long-2.40-2.5.amzn1.noarch
Mar 20 21:33:41 Installed: 4:perl-macros-5.16.3-286.38.amzn1.x86_64
Mar 20 21:33:41 Installed: perl-threads-shared-1.43-6.5.amzn1.x86_64
Mar 20 21:33:42 Installed: 4:perl-5.16.3-286.38.amzn1.x86_64
Mar 20 21:33:42 Installed: perl-Try-Tiny-0.12-2.5.amzn1.noarch
Mar 20 21:33:42 Installed: perl-List-MoreUtils-0.33-9.9.amzn1.x86_64
Mar 20 21:33:42 Installed: perl-Params-Util-1.07-6.8.amzn1.x86_64
Mar 20 21:33:42 Installed: 1:perl-Compress-Raw-Zlib-2.061-4.1.amzn1.x86_64
Mar 20 21:33:42 Installed: perl-Data-Dumper-2.145-3.5.amzn1.x86_64
Mar 20 21:33:42 Installed: perl-Module-Runtime-0.013-4.5.amzn1.noarch
Mar 20 21:33:42 Installed: perl-Module-Implementation-0.06-6.6.amzn1.noarch
Mar 20 21:33:42 Installed: perl-Params-Validate-1.08-4.10.amzn1.x86_64
Mar 20 21:33:42 Installed: perl-Sub-Install-0.926-6.8.amzn1.noarch
Mar 20 21:33:42 Installed: perl-Data-OptList-0.107-9.7.amzn1.noarch
Mar 20 21:33:42 Installed: perl-Package-DeprecationManager-0.13-7.6.amzn1.noarch
Mar 20 21:33:42 Installed: perl-DateTime-Locale-0.45-6.5.amzn1.noarch
Mar 20 21:33:42 Installed: perl-Encode-Locale-1.03-5.8.amzn1.noarch
Mar 20 21:33:42 Installed: perl-Digest-1.17-245.5.amzn1.noarch
Mar 20 21:33:42 Installed: perl-XML-NamespaceSupport-1.11-10.8.amzn1.noarch
Mar 20 21:33:43 Installed: 1:perl-Digest-SHA-5.85-3.5.amzn1.x86_64
Mar 20 21:33:43 Installed: perl-Digest-MD5-2.52-3.5.amzn1.x86_64
Mar 20 21:33:43 Installed: perl-Dist-CheckConflicts-0.06-2.5.amzn1.noarch
Mar 20 21:33:43 Installed: perl-Net-SSLeay-1.65-2.10.amzn1.x86_64
Mar 20 21:33:43 Installed: 1:perl-TimeDate-2.30-2.7.amzn1.noarch
Mar 20 21:33:43 Installed: perl-HTTP-Date-6.02-8.8.amzn1.noarch
Mar 20 21:33:43 Installed: perl-File-Listing-6.04-7.11.amzn1.noarch
Mar 20 21:33:43 Installed: perl-Business-ISBN-Data-20120719.001-2.7.amzn1.noarch
Mar 20 21:33:43 Installed: perl-Business-ISBN-2.06-2.7.amzn1.noarch
Mar 20 21:33:43 Installed: perl-URI-1.60-9.8.amzn1.noarch
Mar 20 21:33:43 Installed: perl-WWW-RobotRules-6.02-5.12.amzn1.noarch
Mar 20 21:33:43 Installed: perl-Sub-Name-0.05-6.3.amzn1.x86_64
Mar 20 21:33:43 Installed: perltidy-20121207-3.8.amzn1.noarch
Mar 20 21:33:43 Installed: perl-Net-LibIDN-0.12-15.6.amzn1.x86_64
Mar 20 21:33:43 Installed: perl-Variable-Magic-0.52-2.5.amzn1.x86_64
Mar 20 21:33:43 Installed: perl-HTML-Tagset-3.20-15.7.amzn1.noarch
Mar 20 21:33:43 Installed: perl-Compress-Raw-Bzip2-2.061-3.11.amzn1.x86_64
Mar 20 21:33:43 Installed: perl-IO-Compress-2.061-2.12.amzn1.noarch
Mar 20 21:33:43 Installed: perl-Class-Singleton-1.4-14.7.amzn1.noarch
Mar 20 21:33:43 Installed: perl-IO-HTML-1.00-2.5.amzn1.noarch
Mar 20 21:33:43 Installed: perl-XML-SAX-Base-1.08-7.5.amzn1.noarch
Mar 20 21:33:43 Installed: perl-Mozilla-CA-20110914-2.6.amzn1.noarch
Mar 20 21:33:43 Installed: perl-Package-Stash-XS-0.26-3.7.amzn1.x86_64
Mar 20 21:33:43 Installed: perl-Package-Stash-0.34-2.6.amzn1.noarch
Mar 20 21:33:43 Installed: perl-Class-Load-0.20-3.6.amzn1.noarch
Mar 20 21:33:43 Installed: 2:perl-DateTime-1.04-5.9.amzn1.x86_64
Mar 20 21:33:44 Installed: perl-DateTime-TimeZone-1.63-2.9.amzn1.noarch
Mar 20 21:33:44 Installed: perl-DateTime-Format-Strptime-1.5400-1.2.amzn1.noarch
Mar 20 21:33:44 Installed: perl-MRO-Compat-0.12-2.5.amzn1.noarch
Mar 20 21:33:44 Installed: perl-IO-Socket-IP-0.21-4.5.amzn1.noarch
Mar 20 21:33:44 Installed: perl-IO-Socket-SSL-1.94-3.13.amzn1.noarch
Mar 20 21:33:44 Installed: perl-Net-HTTP-6.06-2.11.amzn1.noarch
Mar 20 21:33:44 Installed: perl-Class-Factory-Util-1.7-15.2.amzn1.noarch
Mar 20 21:33:44 Installed: perl-DateTime-Format-Builder-0.8100-2.2.amzn1.noarch
Mar 20 21:33:44 Installed: perl-XML-Parser-2.41-10.9.amzn1.x86_64
Mar 20 21:33:44 Installed: perl-Package-Generator-0.103-14.7.amzn1.noarch
Mar 20 21:33:44 Installed: perl-Sub-Exporter-0.986-2.7.amzn1.noarch
Mar 20 21:33:44 Installed: perl-Sub-Exporter-Progressive-0.001011-1.2.amzn1.noarch
Mar 20 21:33:44 Installed: perl-B-Hooks-EndOfScope-0.12-2.2.amzn1.noarch
Mar 20 21:33:44 Installed: perl-namespace-clean-0.24-2.2.amzn1.noarch
Mar 20 21:33:44 Installed: perl-Devel-GlobalDestruction-0.12-1.2.amzn1.noarch
Mar 20 21:33:44 Installed: perl-Eval-Closure-0.08-4.3.amzn1.noarch
Mar 20 21:33:44 Installed: perl-Devel-PartialDump-0.15-8.5.amzn1.noarch
Mar 20 21:33:44 Installed: perl-Moose-2.1005-1.3.amzn1.x86_64
Mar 20 21:33:44 Installed: mailcap-2.1.31-2.7.amzn1.noarch
Mar 20 21:33:44 Installed: perl-LWP-MediaTypes-6.02-2.9.amzn1.noarch
Mar 20 21:33:44 Installed: perl-HTTP-Message-6.06-6.10.amzn1.noarch
Mar 20 21:33:44 Installed: perl-HTTP-Negotiate-6.01-5.12.amzn1.noarch
Mar 20 21:33:44 Installed: perl-HTTP-Daemon-6.01-5.11.amzn1.noarch
Mar 20 21:33:44 Installed: perl-HTML-Parser-3.71-4.7.amzn1.x86_64
Mar 20 21:33:44 Installed: perl-HTTP-Cookies-6.01-5.12.amzn1.noarch
Mar 20 21:33:45 Installed: perl-libwww-perl-6.05-2.17.amzn1.noarch
Mar 20 21:33:45 Installed: perl-XML-SAX-0.99-9.13.amzn1.noarch
Mar 20 21:33:45 Installed: perl-XML-Simple-2.20-5.12.amzn1.noarch
Mar 20 21:33:45 Installed: perl-LWP-Protocol-https-6.04-2.7.amzn1.noarch
Mar 20 21:33:45 Installed: python27-inotify-0.9.1-1.7.amzn1.noarch
Mar 20 21:33:45 Installed: keyutils-1.5.8-3.12.amzn1.x86_64
Mar 20 21:33:45 Installed: libnfsidmap-0.25-11.10.amzn1.x86_64
Mar 20 21:33:45 Installed: 1:quota-nls-4.00-7.18.amzn1.noarch
Mar 20 21:33:45 Installed: libgssglue-0.1-11.7.amzn1.x86_64
Mar 20 21:33:45 Installed: rpcbind-0.2.0-11.8.amzn1.x86_64
Mar 20 21:33:45 Installed: libpipeline-1.2.3-3.3.amzn1.x86_64
Mar 20 21:33:45 Installed: gamin-0.1.10-16.14.amzn1.x86_64
Mar 20 21:33:45 Installed: gamin-python-0.1.10-16.14.amzn1.x86_64
Mar 20 21:33:45 Installed: 32:bind-libs-9.8.2-0.47.rc1.52.amzn1.x86_64
Mar 20 21:33:45 Installed: libnl-1.1.4-2.10.amzn1.x86_64
Mar 20 21:33:45 Installed: tcp_wrappers-7.6-77.12.amzn1.x86_64
Mar 20 21:33:45 Installed: 1:quota-4.00-7.18.amzn1.x86_64
Mar 20 21:33:45 Installed: 1:nfs-utils-1.3.0-0.21.amzn1.x86_64
Mar 20 21:33:45 Installed: 32:bind-utils-9.8.2-0.47.rc1.52.amzn1.x86_64
Mar 20 21:33:46 Installed: fail2ban-0.8.10-3.6.amzn1.noarch
Mar 20 21:33:46 Installed: man-db-2.6.3-9.3.amzn1.x86_64
Mar 20 21:33:46 Installed: perl-Net-Amazon-EC2-0.29-1.3.amzn1.noarch
Mar 20 21:33:46 Installed: perl-LWP-UserAgent-Determined-1.05-6.1.amzn1.noarch
Mar 20 21:33:46 Installed: perl-DateTime-Format-ISO8601-0.08-4.2.amzn1.noarch
Mar 20 21:33:46 Installed: perl-Date-Manip-6.41-2.9.amzn1.noarch
Mar 20 21:33:46 Installed: perl-File-Slurp-9999.19-6.7.amzn1.noarch
Mar 20 21:33:46 Installed: jq-1.5-1.2.amzn1.x86_64
Mar 20 21:33:46 Installed: tmux-1.8-4.12.amzn1.x86_64
Mar 20 21:33:46 Installed: unzip-6.0-4.10.amzn1.x86_64
Mar 20 21:33:46 Installed: dos2unix-3.1-37.5.amzn1.x86_64
Mar 20 21:33:46 Installed: wget-1.18-1.18.amzn1.x86_64
Mar 20 21:33:46 Installed: bc-1.06.95-1.10.amzn1.x86_64
Mar 20 21:33:46 Installed: htop-1.0.1-2.3.amzn1.x86_64
Mar 20 21:33:46 Installed: zip-3.0-1.10.amzn1.x86_64
Mar 20 21:33:46 Installed: nano-2.5.3-1.19.amzn1.x86_64
Mar 20 21:33:46 Installed: python27-pip-6.1.1-1.23.amzn1.noarch
Mar 20 21:33:47 Installed: collectd-5.4.1-1.11.amzn1.x86_64
Mar 20 21:34:00 Installed: amazon-ssm-agent-2.0.706.0-1.x86_64
Mar 20 21:34:04 Installed: python27-dateutil-2.1-1.3.amzn1.noarch
Mar 20 21:34:04 Installed: python27-colorama-0.2.5-1.7.amzn1.noarch
Mar 20 21:34:04 Installed: freetype-2.3.11-15.14.amzn1.x86_64
Mar 20 21:34:04 Installed: python27-ply-3.4-3.12.amzn1.noarch
Mar 20 21:34:04 Installed: python27-jmespath-0.9.0-1.11.amzn1.noarch
Mar 20 21:34:04 Installed: python27-pyasn1-0.1.7-2.9.amzn1.noarch
Mar 20 21:34:04 Installed: python27-rsa-3.4.1-1.8.amzn1.noarch
Mar 20 21:34:04 Installed: python27-futures-3.0.3-1.3.amzn1.noarch
Mar 20 21:34:04 Installed: libjpeg-turbo-1.2.90-5.14.amzn1.x86_64
Mar 20 21:34:04 Installed: python27-imaging-1.1.6-19.9.amzn1.x86_64
Mar 20 21:34:04 Installed: python27-docutils-0.11-1.15.amzn1.noarch
Mar 20 21:34:05 Installed: python27-botocore-1.4.86-1.62.amzn1.noarch
Mar 20 21:34:05 Installed: aws-cli-1.11.29-1.45.amzn1.noarch
Mar 20 21:34:05 Installed: aws-cli-plugin-cloudwatch-logs-1.3.3-1.15.amzn1.noarch
Mar 20 21:34:05 Installed: awslogs-1.1.2-1.10.amzn1.noarch
Mar 20 21:34:11 Installed: boost-system-1.53.0-14.21.amzn1.x86_64
Mar 20 21:34:11 Installed: boost-chrono-1.53.0-14.21.amzn1.x86_64
Mar 20 21:34:11 Installed: mpfr-3.1.1-4.14.amzn1.x86_64
Mar 20 21:34:11 Installed: libmpc-1.0.1-3.3.amzn1.x86_64
Mar 20 21:34:11 Installed: boost-filesystem-1.53.0-14.21.amzn1.x86_64
Mar 20 21:34:11 Installed: boost-thread-1.53.0-14.21.amzn1.x86_64
Mar 20 21:34:11 Installed: boost-regex-1.53.0-14.21.amzn1.x86_64
Mar 20 21:34:11 Installed: boost-date-time-1.53.0-14.21.amzn1.x86_64
Mar 20 21:34:11 Installed: boost-wave-1.53.0-14.21.amzn1.x86_64
Mar 20 21:34:11 Installed: boost-graph-1.53.0-14.21.amzn1.x86_64
Mar 20 21:34:11 Installed: boost-locale-1.53.0-14.21.amzn1.x86_64
Mar 20 21:34:11 Installed: boost-timer-1.53.0-14.21.amzn1.x86_64
Mar 20 21:34:11 Installed: boost-signals-1.53.0-14.21.amzn1.x86_64
Mar 20 21:34:11 Installed: boost-context-1.53.0-14.21.amzn1.x86_64
Mar 20 21:34:11 Installed: boost-program-options-1.53.0-14.21.amzn1.x86_64
Mar 20 21:34:11 Installed: boost-iostreams-1.53.0-14.21.amzn1.x86_64
Mar 20 21:34:12 Installed: boost-test-1.53.0-14.21.amzn1.x86_64
Mar 20 21:34:12 Installed: boost-math-1.53.0-14.21.amzn1.x86_64
Mar 20 21:34:12 Installed: boost-serialization-1.53.0-14.21.amzn1.x86_64
Mar 20 21:34:12 Installed: libstdc++48-devel-4.8.3-9.111.amzn1.x86_64
Mar 20 21:34:12 Installed: protobuf-2.5.0-1.10.amzn1.x86_64
Mar 20 21:34:12 Installed: boost-python-1.53.0-14.21.amzn1.x86_64
Mar 20 21:34:12 Installed: boost-atomic-1.53.0-14.21.amzn1.x86_64
Mar 20 21:34:12 Installed: boost-random-1.53.0-14.21.amzn1.x86_64
Mar 20 21:34:12 Installed: boost-1.53.0-14.21.amzn1.x86_64
Mar 20 21:34:12 Installed: protobuf-compiler-2.5.0-1.10.amzn1.x86_64
Mar 20 21:34:12 Installed: cpp48-4.8.3-9.111.amzn1.x86_64
Mar 20 21:34:12 Installed: kernel-headers-4.4.51-40.58.amzn1.x86_64
Mar 20 21:34:13 Installed: glibc-headers-2.17-157.169.amzn1.x86_64
Mar 20 21:34:13 Installed: glibc-devel-2.17-157.169.amzn1.x86_64
Mar 20 21:34:13 Installed: libverto-devel-0.2.5-4.9.amzn1.x86_64
Mar 20 21:34:13 Installed: keyutils-libs-devel-1.5.8-3.12.amzn1.x86_64
Mar 20 21:34:13 Installed: libsepol-devel-2.1.7-3.12.amzn1.x86_64
Mar 20 21:34:13 Installed: libselinux-devel-2.1.10-3.22.amzn1.x86_64
Mar 20 21:34:13 Installed: libkadm5-1.14.1-27.41.amzn1.x86_64
Mar 20 21:34:13 Installed: perl-Thread-Queue-3.02-2.5.amzn1.noarch
Mar 20 21:34:13 Installed: perl-Test-Harness-3.28-3.6.amzn1.noarch
Mar 20 21:34:13 Installed: libcom_err-devel-1.42.12-4.40.amzn1.x86_64
Mar 20 21:34:13 Installed: krb5-devel-1.14.1-27.41.amzn1.x86_64
Mar 20 21:34:13 Installed: zlib-devel-1.2.8-7.18.amzn1.x86_64
Mar 20 21:34:13 Installed: m4-1.4.16-9.10.amzn1.x86_64
Mar 20 21:34:13 Installed: autoconf-2.69-11.9.amzn1.noarch
Mar 20 21:34:13 Installed: libgomp-4.8.3-9.111.amzn1.x86_64
Mar 20 21:34:14 Installed: gcc48-4.8.3-9.111.amzn1.x86_64
Mar 20 21:34:14 Installed: gcc-4.8.3-3.20.amzn1.noarch
Mar 20 21:34:14 Installed: gcc48-c++-4.8.3-9.111.amzn1.x86_64
Mar 20 21:34:14 Installed: gcc-c++-4.8.3-3.20.amzn1.noarch
Mar 20 21:34:14 Installed: automake-1.13.4-3.15.amzn1.noarch
Mar 20 21:34:14 Installed: 1:openssl-devel-1.0.1k-15.99.amzn1.x86_64
Mar 20 21:34:14 Installed: protobuf-devel-2.5.0-1.10.amzn1.x86_64
Mar 20 21:34:16 Installed: boost-devel-1.53.0-14.21.amzn1.x86_64
Mar 20 21:34:16 Installed: ncurses-devel-5.7-4.20090207.14.amzn1.x86_64
Mar 20 21:34:48 Installed: pam-devel-1.1.8-12.33.amzn1.x86_64
Mar 20 21:35:22 Erased: 1:openssl-devel-1.0.1k-15.99.amzn1.x86_64
Mar 20 21:35:22 Erased: gcc-c++-4.8.3-3.20.amzn1.noarch
Mar 20 21:35:22 Erased: automake-1.13.4-3.15.amzn1.noarch
Mar 20 21:35:23 Erased: autoconf-2.69-11.9.amzn1.noarch
Mar 20 21:35:23 Erased: gcc-4.8.3-3.20.amzn1.noarch
Mar 20 21:35:23 Erased: zlib-devel-1.2.8-7.18.amzn1.x86_64
Mar 20 21:35:23 Erased: ncurses-devel-5.7-4.20090207.14.amzn1.x86_64
Mar 20 21:35:23 Erased: boost-devel-1.53.0-14.21.amzn1.x86_64
Mar 20 21:35:23 Erased: protobuf-devel-2.5.0-1.10.amzn1.x86_64
